1595110902981	mozrunner::runner	INFO	Running command: "/usr/bin/firefox" "-marionette" "-foreground" "-no-remote" "-profile" "/tmp/rust_mozprofile1a1PMT"
1595110919061	Marionette	INFO	Listening on port 34873
1595110919150	Marionette	WARN	TLS certificate errors will be ignored for this session
console.warn: LoginRecipes: "getRecipes: falling back to a synchronous message for:" "https://www.youtube.com"
console.error: "Store does not have a valid reducer. Make sure the argument passed to combineReducers is an object whose values are reducers."
1595111037077	Marionette	INFO	Stopped listening on port 34873
1595111043150	mozrunner::runner	INFO	Running command: "/usr/bin/firefox" "-marionette" "-foreground" "-no-remote" "-profile" "/tmp/rust_mozprofileJwgVsz"
1595111049274	Marionette	INFO	Listening on port 36661
1595111049372	Marionette	WARN	TLS certificate errors will be ignored for this session
1595111091834	mozrunner::runner	INFO	Running command: "/usr/bin/firefox" "-marionette" "-foreground" "-no-remote" "-profile" "/tmp/rust_mozprofile4zHXre"
1595111102671	Marionette	INFO	Listening on port 39707
1595111102777	Marionette	WARN	TLS certificate errors will be ignored for this session
console.error: (new Error("SessionFile is closed", "resource:///modules/sessionstore/SessionFile.jsm", 433))
1595111110592	Marionette	INFO	Stopped listening on port 36661

###!!! [Parent][RunMessage] Error: Channel closing: too late to send/recv, messages will be lost

JavaScript error: , line 0: UnknownError: The operation failed for reasons unrelated to the database itself and not covered by any other error code.
1595111164747	Marionette	INFO	Stopped listening on port 39707
1595111165444	mozrunner::runner	INFO	Running command: "/usr/bin/firefox" "-marionette" "-foreground" "-no-remote" "-profile" "/tmp/rust_mozprofileFfXg6X"
1595111175733	Marionette	INFO	Listening on port 41657
1595111175980	Marionette	WARN	TLS certificate errors will be ignored for this session
JavaScript error: https://www.youtube.com/s/player/5253ac4d/player_ias.vflset/en_GB/base.js, line 5885: AbortError: The fetching process for the media resource was aborted by the user agent at the user's request.
JavaScript error: , line 0: AbortError: A request was aborted, for example through a call to IDBTransaction.abort.
1595111237108	Marionette	INFO	Stopped listening on port 41657
1595111314275	mozrunner::runner	INFO	Running command: "/usr/bin/firefox" "-marionette" "-foreground" "-no-remote" "-profile" "/tmp/rust_mozprofilevib20D"
1595111322771	Marionette	INFO	Listening on port 45341
1595111322855	Marionette	WARN	TLS certificate errors will be ignored for this session
console.error: "Store does not have a valid reducer. Make sure the argument passed to combineReducers is an object whose values are reducers."
IPDL protocol error: Handler returned error code!

###!!! [Parent][DispatchAsyncMessage] Error: PLayerTransaction::Msg_ReleaseLayer Processing error: message was deserialized, but the handler returned false (indicating failure)

JavaScript error: , line 0: UnknownError: The operation failed for reasons unrelated to the database itself and not covered by any other error code.
1595111448596	Marionette	INFO	Stopped listening on port 45341
1595111682290	mozrunner::runner	INFO	Running command: "/usr/bin/firefox" "-marionette" "-foreground" "-no-remote" "-profile" "/tmp/rust_mozprofilekj5Zee"
1595111690869	Marionette	INFO	Listening on port 44769
1595111690928	Marionette	WARN	TLS certificate errors will be ignored for this session
[Child 81994, MediaDecoderStateMachine #1] WARNING: Decoder=7f68bb704400 Decode error: NS_ERROR_DOM_MEDIA_FATAL_ERR (0x806e0005) - RefPtr<MediaSourceTrackDemuxer::SamplesPromise> mozilla::MediaSourceTrackDemuxer::DoGetSamples(int32_t): manager is detached.: file /build/firefox-k3d8Rk/firefox-78.0.2+build2/dom/media/MediaDecoderStateMachine.cpp, line 3470
[Child 81994, MediaDecoderStateMachine #1] WARNING: Decoder=7f68bb704400 Decode error: NS_ERROR_DOM_MEDIA_FATAL_ERR (0x806e0005) - RefPtr<MediaSourceTrackDemuxer::SamplesPromise> mozilla::MediaSourceTrackDemuxer::DoGetSamples(int32_t): manager is detached.: file /build/firefox-k3d8Rk/firefox-78.0.2+build2/dom/media/MediaDecoderStateMachine.cpp, line 3470
[Child 81994, MediaDecoderStateMachine #1] WARNING: Decoder=7f68bb704400 Decode error: NS_ERROR_DOM_MEDIA_FATAL_ERR (0x806e0005) - RefPtr<MediaSourceTrackDemuxer::SamplesPromise> mozilla::MediaSourceTrackDemuxer::DoGetSamples(int32_t): manager is detached.: file /build/firefox-k3d8Rk/firefox-78.0.2+build2/dom/media/MediaDecoderStateMachine.cpp, line 3470
[Child 81994, MediaDecoderStateMachine #1] WARNING: Decoder=7f68bb704400 Decode error: NS_ERROR_DOM_MEDIA_FATAL_ERR (0x806e0005) - RefPtr<MediaSourceTrackDemuxer::SamplesPromise> mozilla::MediaSourceTrackDemuxer::DoGetSamples(int32_t): manager is detached.: file /build/firefox-k3d8Rk/firefox-78.0.2+build2/dom/media/MediaDecoderStateMachine.cpp, line 3470
[Child 81994, MediaDecoderStateMachine #1] WARNING: Decoder=7f68bb704400 Decode error: NS_ERROR_DOM_MEDIA_FATAL_ERR (0x806e0005) - RefPtr<MediaSourceTrackDemuxer::SamplesPromise> mozilla::MediaSourceTrackDemuxer::DoGetSamples(int32_t): manager is detached.: file /build/firefox-k3d8Rk/firefox-78.0.2+build2/dom/media/MediaDecoderStateMachine.cpp, line 3470
[Child 81994, MediaDecoderStateMachine #1] WARNING: Decoder=7f68bb704400 Decode error: NS_ERROR_DOM_MEDIA_FATAL_ERR (0x806e0005) - RefPtr<MediaSourceTrackDemuxer::SamplesPromise> mozilla::MediaSourceTrackDemuxer::DoGetSamples(int32_t): manager is detached.: file /build/firefox-k3d8Rk/firefox-78.0.2+build2/dom/media/MediaDecoderStateMachine.cpp, line 3470
[Child 81994, MediaDecoderStateMachine #1] WARNING: Decoder=7f68bb704400 Decode error: NS_ERROR_DOM_MEDIA_FATAL_ERR (0x806e0005) - RefPtr<MediaSourceTrackDemuxer::SamplesPromise> mozilla::MediaSourceTrackDemuxer::DoGetSamples(int32_t): manager is detached.: file /build/firefox-k3d8Rk/firefox-78.0.2+build2/dom/media/MediaDecoderStateMachine.cpp, line 3470
[Child 81994, MediaDecoderStateMachine #1] WARNING: Decoder=7f68bb704400 Decode error: NS_ERROR_DOM_MEDIA_FATAL_ERR (0x806e0005) - RefPtr<MediaSourceTrackDemuxer::SamplesPromise> mozilla::MediaSourceTrackDemuxer::DoGetSamples(int32_t): manager is detached.: file /build/firefox-k3d8Rk/firefox-78.0.2+build2/dom/media/MediaDecoderStateMachine.cpp, line 3470
[Child 81994, MediaDecoderStateMachine #1] WARNING: Decoder=7f68bb704400 Decode error: NS_ERROR_DOM_MEDIA_FATAL_ERR (0x806e0005) - RefPtr<MediaSourceTrackDemuxer::SamplesPromise> mozilla::MediaSourceTrackDemuxer::DoGetSamples(int32_t): manager is detached.: file /build/firefox-k3d8Rk/firefox-78.0.2+build2/dom/media/MediaDecoderStateMachine.cpp, line 3470
[Child 81994, MediaDecoderStateMachine #1] WARNING: Decoder=7f68b732f800 Decode error: NS_ERROR_DOM_MEDIA_FATAL_ERR (0x806e0005) - RefPtr<MediaSourceTrackDemuxer::SamplesPromise> mozilla::MediaSourceTrackDemuxer::DoGetSamples(int32_t): manager is detached.: file /build/firefox-k3d8Rk/firefox-78.0.2+build2/dom/media/MediaDecoderStateMachine.cpp, line 3470
[Child 81994, MediaDecoderStateMachine #1] WARNING: Decoder=7f68b732f800 Decode error: NS_ERROR_DOM_MEDIA_FATAL_ERR (0x806e0005) - RefPtr<MediaSourceTrackDemuxer::SamplesPromise> mozilla::MediaSourceTrackDemuxer::DoGetSamples(int32_t): manager is detached.: file /build/firefox-k3d8Rk/firefox-78.0.2+build2/dom/media/MediaDecoderStateMachine.cpp, line 3470
[Child 81994, MediaDecoderStateMachine #1] WARNING: Decoder=7f68b732f800 Decode error: NS_ERROR_DOM_MEDIA_FATAL_ERR (0x806e0005) - RefPtr<MediaSourceTrackDemuxer::SamplesPromise> mozilla::MediaSourceTrackDemuxer::DoGetSamples(int32_t): manager is detached.: file /build/firefox-k3d8Rk/firefox-78.0.2+build2/dom/media/MediaDecoderStateMachine.cpp, line 3470
[Child 81994, MediaDecoderStateMachine #1] WARNING: Decoder=7f68b732f800 Decode error: NS_ERROR_DOM_MEDIA_FATAL_ERR (0x806e0005) - RefPtr<MediaSourceTrackDemuxer::SamplesPromise> mozilla::MediaSourceTrackDemuxer::DoGetSamples(int32_t): manager is detached.: file /build/firefox-k3d8Rk/firefox-78.0.2+build2/dom/media/MediaDecoderStateMachine.cpp, line 3470
[Child 81994, MediaDecoderStateMachine #1] WARNING: Decoder=7f68b732f800 Decode error: NS_ERROR_DOM_MEDIA_FATAL_ERR (0x806e0005) - RefPtr<MediaSourceTrackDemuxer::SamplesPromise> mozilla::MediaSourceTrackDemuxer::DoGetSamples(int32_t): manager is detached.: file /build/firefox-k3d8Rk/firefox-78.0.2+build2/dom/media/MediaDecoderStateMachine.cpp, line 3470
[Child 81994, MediaDecoderStateMachine #1] WARNING: Decoder=7f68b732f800 Decode error: NS_ERROR_DOM_MEDIA_FATAL_ERR (0x806e0005) - RefPtr<MediaSourceTrackDemuxer::SamplesPromise> mozilla::MediaSourceTrackDemuxer::DoGetSamples(int32_t): manager is detached.: file /build/firefox-k3d8Rk/firefox-78.0.2+build2/dom/media/MediaDecoderStateMachine.cpp, line 3470
[Child 81994, MediaDecoderStateMachine #1] WARNING: Decoder=7f68b732f800 Decode error: NS_ERROR_DOM_MEDIA_FATAL_ERR (0x806e0005) - RefPtr<MediaSourceTrackDemuxer::SamplesPromise> mozilla::MediaSourceTrackDemuxer::DoGetSamples(int32_t): manager is detached.: file /build/firefox-k3d8Rk/firefox-78.0.2+build2/dom/media/MediaDecoderStateMachine.cpp, line 3470
[Child 81994, MediaDecoderStateMachine #1] WARNING: Decoder=7f68b732f800 Decode error: NS_ERROR_DOM_MEDIA_FATAL_ERR (0x806e0005) - RefPtr<MediaSourceTrackDemuxer::SamplesPromise> mozilla::MediaSourceTrackDemuxer::DoGetSamples(int32_t): manager is detached.: file /build/firefox-k3d8Rk/firefox-78.0.2+build2/dom/media/MediaDecoderStateMachine.cpp, line 3470
[Child 81994, MediaDecoderStateMachine #1] WARNING: Decoder=7f68b732f800 Decode error: NS_ERROR_DOM_MEDIA_FATAL_ERR (0x806e0005) - RefPtr<MediaSourceTrackDemuxer::SamplesPromise> mozilla::MediaSourceTrackDemuxer::DoGetSamples(int32_t): manager is detached.: file /build/firefox-k3d8Rk/firefox-78.0.2+build2/dom/media/MediaDecoderStateMachine.cpp, line 3470
[Child 81994, MediaDecoderStateMachine #1] WARNING: Decoder=7f68b732f800 Decode error: NS_ERROR_DOM_MEDIA_FATAL_ERR (0x806e0005) - RefPtr<MediaSourceTrackDemuxer::SamplesPromise> mozilla::MediaSourceTrackDemuxer::DoGetSamples(int32_t): manager is detached.: file /build/firefox-k3d8Rk/firefox-78.0.2+build2/dom/media/MediaDecoderStateMachine.cpp, line 3470
[Child 81994, MediaDecoderStateMachine #1] WARNING: Decoder=7f68b732f800 Decode error: NS_ERROR_DOM_MEDIA_FATAL_ERR (0x806e0005) - RefPtr<MediaSourceTrackDemuxer::SamplesPromise> mozilla::MediaSourceTrackDemuxer::DoGetSamples(int32_t): manager is detached.: file /build/firefox-k3d8Rk/firefox-78.0.2+build2/dom/media/MediaDecoderStateMachine.cpp, line 3470
[Child 81994, MediaDecoderStateMachine #1] WARNING: Decoder=7f68b732f800 Decode error: NS_ERROR_DOM_MEDIA_FATAL_ERR (0x806e0005) - RefPtr<MediaSourceTrackDemuxer::SamplesPromise> mozilla::MediaSourceTrackDemuxer::DoGetSamples(int32_t): manager is detached.: file /build/firefox-k3d8Rk/firefox-78.0.2+build2/dom/media/MediaDecoderStateMachine.cpp, line 3470
[Child 81994, MediaDecoderStateMachine #1] WARNING: Decoder=7f68b732f800 Decode error: NS_ERROR_DOM_MEDIA_FATAL_ERR (0x806e0005) - RefPtr<MediaSourceTrackDemuxer::SamplesPromise> mozilla::MediaSourceTrackDemuxer::DoGetSamples(int32_t): manager is detached.: file /build/firefox-k3d8Rk/firefox-78.0.2+build2/dom/media/MediaDecoderStateMachine.cpp, line 3470
[Child 81994, MediaDecoderStateMachine #1] WARNING: Decoder=7f68b8b03000 Decode error: NS_ERROR_DOM_MEDIA_FATAL_ERR (0x806e0005) - RefPtr<MediaSourceTrackDemuxer::SamplesPromise> mozilla::MediaSourceTrackDemuxer::DoGetSamples(int32_t): manager is detached.: file /build/firefox-k3d8Rk/firefox-78.0.2+build2/dom/media/MediaDecoderStateMachine.cpp, line 3470
[Child 81994, MediaDecoderStateMachine #1] WARNING: Decoder=7f68b8b03000 Decode error: NS_ERROR_DOM_MEDIA_FATAL_ERR (0x806e0005) - RefPtr<MediaSourceTrackDemuxer::SamplesPromise> mozilla::MediaSourceTrackDemuxer::DoGetSamples(int32_t): manager is detached.: file /build/firefox-k3d8Rk/firefox-78.0.2+build2/dom/media/MediaDecoderStateMachine.cpp, line 3470
[Child 81994, MediaDecoderStateMachine #1] WARNING: Decoder=7f68b8b03000 Decode error: NS_ERROR_DOM_MEDIA_FATAL_ERR (0x806e0005) - RefPtr<MediaSourceTrackDemuxer::SamplesPromise> mozilla::MediaSourceTrackDemuxer::DoGetSamples(int32_t): manager is detached.: file /build/firefox-k3d8Rk/firefox-78.0.2+build2/dom/media/MediaDecoderStateMachine.cpp, line 3470
[Child 81994, MediaDecoderStateMachine #1] WARNING: Decoder=7f68b8b03000 Decode error: NS_ERROR_DOM_MEDIA_FATAL_ERR (0x806e0005) - RefPtr<MediaSourceTrackDemuxer::SamplesPromise> mozilla::MediaSourceTrackDemuxer::DoGetSamples(int32_t): manager is detached.: file /build/firefox-k3d8Rk/firefox-78.0.2+build2/dom/media/MediaDecoderStateMachine.cpp, line 3470
[Child 81994, MediaDecoderStateMachine #1] WARNING: Decoder=7f68b8b03000 Decode error: NS_ERROR_DOM_MEDIA_FATAL_ERR (0x806e0005) - RefPtr<MediaSourceTrackDemuxer::SamplesPromise> mozilla::MediaSourceTrackDemuxer::DoGetSamples(int32_t): manager is detached.: file /build/firefox-k3d8Rk/firefox-78.0.2+build2/dom/media/MediaDecoderStateMachine.cpp, line 3470
[Child 81994, MediaDecoderStateMachine #1] WARNING: Decoder=7f68b8b03000 Decode error: NS_ERROR_DOM_MEDIA_FATAL_ERR (0x806e0005) - RefPtr<MediaSourceTrackDemuxer::SamplesPromise> mozilla::MediaSourceTrackDemuxer::DoGetSamples(int32_t): manager is detached.: file /build/firefox-k3d8Rk/firefox-78.0.2+build2/dom/media/MediaDecoderStateMachine.cpp, line 3470
[Child 81994, MediaDecoderStateMachine #1] WARNING: Decoder=7f68b8b03000 Decode error: NS_ERROR_DOM_MEDIA_FATAL_ERR (0x806e0005) - RefPtr<MediaSourceTrackDemuxer::SamplesPromise> mozilla::MediaSourceTrackDemuxer::DoGetSamples(int32_t): manager is detached.: file /build/firefox-k3d8Rk/firefox-78.0.2+build2/dom/media/MediaDecoderStateMachine.cpp, line 3470
[Child 81994, MediaDecoderStateMachine #1] WARNING: Decoder=7f68b8b03000 Decode error: NS_ERROR_DOM_MEDIA_FATAL_ERR (0x806e0005) - RefPtr<MediaSourceTrackDemuxer::SamplesPromise> mozilla::MediaSourceTrackDemuxer::DoGetSamples(int32_t): manager is detached.: file /build/firefox-k3d8Rk/firefox-78.0.2+build2/dom/media/MediaDecoderStateMachine.cpp, line 3470
[Child 81994, MediaDecoderStateMachine #1] WARNING: Decoder=7f68a76b7c00 Decode error: NS_ERROR_DOM_MEDIA_FATAL_ERR (0x806e0005) - RefPtr<MediaSourceTrackDemuxer::SamplesPromise> mozilla::MediaSourceTrackDemuxer::DoGetSamples(int32_t): manager is detached.: file /build/firefox-k3d8Rk/firefox-78.0.2+build2/dom/media/MediaDecoderStateMachine.cpp, line 3470
[Child 81994, MediaDecoderStateMachine #1] WARNING: Decoder=7f68a76b7c00 Decode error: NS_ERROR_DOM_MEDIA_FATAL_ERR (0x806e0005) - RefPtr<MediaSourceTrackDemuxer::SamplesPromise> mozilla::MediaSourceTrackDemuxer::DoGetSamples(int32_t): manager is detached.: file /build/firefox-k3d8Rk/firefox-78.0.2+build2/dom/media/MediaDecoderStateMachine.cpp, line 3470
[Child 81994, MediaDecoderStateMachine #1] WARNING: Decoder=7f68a76b7c00 Decode error: NS_ERROR_DOM_MEDIA_FATAL_ERR (0x806e0005) - RefPtr<MediaSourceTrackDemuxer::SamplesPromise> mozilla::MediaSourceTrackDemuxer::DoGetSamples(int32_t): manager is detached.: file /build/firefox-k3d8Rk/firefox-78.0.2+build2/dom/media/MediaDecoderStateMachine.cpp, line 3470
[Child 81994, MediaDecoderStateMachine #1] WARNING: Decoder=7f68a76b7c00 Decode error: NS_ERROR_DOM_MEDIA_FATAL_ERR (0x806e0005) - RefPtr<MediaSourceTrackDemuxer::SamplesPromise> mozilla::MediaSourceTrackDemuxer::DoGetSamples(int32_t): manager is detached.: file /build/firefox-k3d8Rk/firefox-78.0.2+build2/dom/media/MediaDecoderStateMachine.cpp, line 3470
[Child 81994, MediaDecoderStateMachine #1] WARNING: Decoder=7f68a76b7c00 Decode error: NS_ERROR_DOM_MEDIA_FATAL_ERR (0x806e0005) - RefPtr<MediaSourceTrackDemuxer::SamplesPromise> mozilla::MediaSourceTrackDemuxer::DoGetSamples(int32_t): manager is detached.: file /build/firefox-k3d8Rk/firefox-78.0.2+build2/dom/media/MediaDecoderStateMachine.cpp, line 3470
[Child 81994, MediaDecoderStateMachine #1] WARNING: Decoder=7f68a76b7c00 Decode error: NS_ERROR_DOM_MEDIA_FATAL_ERR (0x806e0005) - RefPtr<MediaSourceTrackDemuxer::SamplesPromise> mozilla::MediaSourceTrackDemuxer::DoGetSamples(int32_t): manager is detached.: file /build/firefox-k3d8Rk/firefox-78.0.2+build2/dom/media/MediaDecoderStateMachine.cpp, line 3470
[Child 81994, MediaDecoderStateMachine #1] WARNING: Decoder=7f68b61e1c00 Decode error: NS_ERROR_DOM_MEDIA_FATAL_ERR (0x806e0005) - RefPtr<MediaSourceTrackDemuxer::SamplesPromise> mozilla::MediaSourceTrackDemuxer::DoGetSamples(int32_t): manager is detached.: file /build/firefox-k3d8Rk/firefox-78.0.2+build2/dom/media/MediaDecoderStateMachine.cpp, line 3470
[Child 81994, MediaDecoderStateMachine #1] WARNING: Decoder=7f68b61e1c00 Decode error: NS_ERROR_DOM_MEDIA_FATAL_ERR (0x806e0005) - RefPtr<MediaSourceTrackDemuxer::SamplesPromise> mozilla::MediaSourceTrackDemuxer::DoGetSamples(int32_t): manager is detached.: file /build/firefox-k3d8Rk/firefox-78.0.2+build2/dom/media/MediaDecoderStateMachine.cpp, line 3470
[Child 81994, MediaDecoderStateMachine #1] WARNING: Decoder=7f68b61e1c00 Decode error: NS_ERROR_DOM_MEDIA_FATAL_ERR (0x806e0005) - RefPtr<MediaSourceTrackDemuxer::SamplesPromise> mozilla::MediaSourceTrackDemuxer::DoGetSamples(int32_t): manager is detached.: file /build/firefox-k3d8Rk/firefox-78.0.2+build2/dom/media/MediaDecoderStateMachine.cpp, line 3470
[Child 81994, MediaDecoderStateMachine #1] WARNING: Decoder=7f68b61e1c00 Decode error: NS_ERROR_DOM_MEDIA_FATAL_ERR (0x806e0005) - RefPtr<MediaSourceTrackDemuxer::SamplesPromise> mozilla::MediaSourceTrackDemuxer::DoGetSamples(int32_t): manager is detached.: file /build/firefox-k3d8Rk/firefox-78.0.2+build2/dom/media/MediaDecoderStateMachine.cpp, line 3470
[Child 81994, MediaDecoderStateMachine #1] WARNING: Decoder=7f68b61e1c00 Decode error: NS_ERROR_DOM_MEDIA_FATAL_ERR (0x806e0005) - RefPtr<MediaSourceTrackDemuxer::SamplesPromise> mozilla::MediaSourceTrackDemuxer::DoGetSamples(int32_t): manager is detached.: file /build/firefox-k3d8Rk/firefox-78.0.2+build2/dom/media/MediaDecoderStateMachine.cpp, line 3470
[Child 81994, MediaDecoderStateMachine #1] WARNING: Decoder=7f68b61e1c00 Decode error: NS_ERROR_DOM_MEDIA_FATAL_ERR (0x806e0005) - RefPtr<MediaSourceTrackDemuxer::SamplesPromise> mozilla::MediaSourceTrackDemuxer::DoGetSamples(int32_t): manager is detached.: file /build/firefox-k3d8Rk/firefox-78.0.2+build2/dom/media/MediaDecoderStateMachine.cpp, line 3470
[Child 81994, MediaDecoderStateMachine #1] WARNING: Decoder=7f68b61e1c00 Decode error: NS_ERROR_DOM_MEDIA_FATAL_ERR (0x806e0005) - RefPtr<MediaSourceTrackDemuxer::SamplesPromise> mozilla::MediaSourceTrackDemuxer::DoGetSamples(int32_t): manager is detached.: file /build/firefox-k3d8Rk/firefox-78.0.2+build2/dom/media/MediaDecoderStateMachine.cpp, line 3470
[Child 81994, MediaDecoderStateMachine #1] WARNING: Decoder=7f68b61e1c00 Decode error: NS_ERROR_DOM_MEDIA_FATAL_ERR (0x806e0005) - RefPtr<MediaSourceTrackDemuxer::SamplesPromise> mozilla::MediaSourceTrackDemuxer::DoGetSamples(int32_t): manager is detached.: file /build/firefox-k3d8Rk/firefox-78.0.2+build2/dom/media/MediaDecoderStateMachine.cpp, line 3470
[Child 81994, MediaDecoderStateMachine #1] WARNING: Decoder=7f68b8d80c00 Decode error: NS_ERROR_DOM_MEDIA_FATAL_ERR (0x806e0005) - RefPtr<MediaSourceTrackDemuxer::SamplesPromise> mozilla::MediaSourceTrackDemuxer::DoGetSamples(int32_t): manager is detached.: file /build/firefox-k3d8Rk/firefox-78.0.2+build2/dom/media/MediaDecoderStateMachine.cpp, line 3470
[Child 81994, MediaDecoderStateMachine #1] WARNING: Decoder=7f68b8d80c00 Decode error: NS_ERROR_DOM_MEDIA_FATAL_ERR (0x806e0005) - RefPtr<MediaSourceTrackDemuxer::SamplesPromise> mozilla::MediaSourceTrackDemuxer::DoGetSamples(int32_t): manager is detached.: file /build/firefox-k3d8Rk/firefox-78.0.2+build2/dom/media/MediaDecoderStateMachine.cpp, line 3470
[Child 81994, MediaDecoderStateMachine #1] WARNING: Decoder=7f68b8d80c00 Decode error: NS_ERROR_DOM_MEDIA_FATAL_ERR (0x806e0005) - RefPtr<MediaSourceTrackDemuxer::SamplesPromise> mozilla::MediaSourceTrackDemuxer::DoGetSamples(int32_t): manager is detached.: file /build/firefox-k3d8Rk/firefox-78.0.2+build2/dom/media/MediaDecoderStateMachine.cpp, line 3470
[Child 81994, MediaDecoderStateMachine #1] WARNING: Decoder=7f68b8d80c00 Decode error: NS_ERROR_DOM_MEDIA_FATAL_ERR (0x806e0005) - RefPtr<MediaSourceTrackDemuxer::SamplesPromise> mozilla::MediaSourceTrackDemuxer::DoGetSamples(int32_t): manager is detached.: file /build/firefox-k3d8Rk/firefox-78.0.2+build2/dom/media/MediaDecoderStateMachine.cpp, line 3470
[Child 81994, MediaDecoderStateMachine #1] WARNING: Decoder=7f68b8d80c00 Decode error: NS_ERROR_DOM_MEDIA_FATAL_ERR (0x806e0005) - RefPtr<MediaSourceTrackDemuxer::SamplesPromise> mozilla::MediaSourceTrackDemuxer::DoGetSamples(int32_t): manager is detached.: file /build/firefox-k3d8Rk/firefox-78.0.2+build2/dom/media/MediaDecoderStateMachine.cpp, line 3470
[Child 81994, MediaDecoderStateMachine #1] WARNING: Decoder=7f68b8d80c00 Decode error: NS_ERROR_DOM_MEDIA_FATAL_ERR (0x806e0005) - RefPtr<MediaSourceTrackDemuxer::SamplesPromise> mozilla::MediaSourceTrackDemuxer::DoGetSamples(int32_t): manager is detached.: file /build/firefox-k3d8Rk/firefox-78.0.2+build2/dom/media/MediaDecoderStateMachine.cpp, line 3470
[Child 81994, MediaDecoderStateMachine #1] WARNING: Decoder=7f68b8d80c00 Decode error: NS_ERROR_DOM_MEDIA_FATAL_ERR (0x806e0005) - RefPtr<MediaSourceTrackDemuxer::SamplesPromise> mozilla::MediaSourceTrackDemuxer::DoGetSamples(int32_t): manager is detached.: file /build/firefox-k3d8Rk/firefox-78.0.2+build2/dom/media/MediaDecoderStateMachine.cpp, line 3470
[Child 81994, MediaDecoderStateMachine #1] WARNING: Decoder=7f68b8d80c00 Decode error: NS_ERROR_DOM_MEDIA_FATAL_ERR (0x806e0005) - RefPtr<MediaSourceTrackDemuxer::SamplesPromise> mozilla::MediaSourceTrackDemuxer::DoGetSamples(int32_t): manager is detached.: file /build/firefox-k3d8Rk/firefox-78.0.2+build2/dom/media/MediaDecoderStateMachine.cpp, line 3470
[Child 81994, MediaDecoderStateMachine #1] WARNING: Decoder=7f68a76b7c00 Decode error: NS_ERROR_DOM_MEDIA_FATAL_ERR (0x806e0005) - RefPtr<MediaSourceTrackDemuxer::SamplesPromise> mozilla::MediaSourceTrackDemuxer::DoGetSamples(int32_t): manager is detached.: file /build/firefox-k3d8Rk/firefox-78.0.2+build2/dom/media/MediaDecoderStateMachine.cpp, line 3470
[Child 81994, MediaDecoderStateMachine #1] WARNING: Decoder=7f68a76b7c00 Decode error: NS_ERROR_DOM_MEDIA_FATAL_ERR (0x806e0005) - RefPtr<MediaSourceTrackDemuxer::SamplesPromise> mozilla::MediaSourceTrackDemuxer::DoGetSamples(int32_t): manager is detached.: file /build/firefox-k3d8Rk/firefox-78.0.2+build2/dom/media/MediaDecoderStateMachine.cpp, line 3470
[Child 81994, MediaDecoderStateMachine #1] WARNING: Decoder=7f68a76b7c00 Decode error: NS_ERROR_DOM_MEDIA_FATAL_ERR (0x806e0005) - RefPtr<MediaSourceTrackDemuxer::SamplesPromise> mozilla::MediaSourceTrackDemuxer::DoGetSamples(int32_t): manager is detached.: file /build/firefox-k3d8Rk/firefox-78.0.2+build2/dom/media/MediaDecoderStateMachine.cpp, line 3470
[Child 81994, MediaDecoderStateMachine #1] WARNING: Decoder=7f68a76b7c00 Decode error: NS_ERROR_DOM_MEDIA_FATAL_ERR (0x806e0005) - RefPtr<MediaSourceTrackDemuxer::SamplesPromise> mozilla::MediaSourceTrackDemuxer::DoGetSamples(int32_t): manager is detached.: file /build/firefox-k3d8Rk/firefox-78.0.2+build2/dom/media/MediaDecoderStateMachine.cpp, line 3470
[Child 81994, MediaDecoderStateMachine #1] WARNING: Decoder=7f68a76b7c00 Decode error: NS_ERROR_DOM_MEDIA_FATAL_ERR (0x806e0005) - RefPtr<MediaSourceTrackDemuxer::SamplesPromise> mozilla::MediaSourceTrackDemuxer::DoGetSamples(int32_t): manager is detached.: file /build/firefox-k3d8Rk/firefox-78.0.2+build2/dom/media/MediaDecoderStateMachine.cpp, line 3470
[Child 81994, MediaDecoderStateMachine #1] WARNING: Decoder=7f68a76b7c00 Decode error: NS_ERROR_DOM_MEDIA_FATAL_ERR (0x806e0005) - RefPtr<MediaSourceTrackDemuxer::SamplesPromise> mozilla::MediaSourceTrackDemuxer::DoGetSamples(int32_t): manager is detached.: file /build/firefox-k3d8Rk/firefox-78.0.2+build2/dom/media/MediaDecoderStateMachine.cpp, line 3470
[Child 81994, MediaDecoderStateMachine #1] WARNING: Decoder=7f68a76b7c00 Decode error: NS_ERROR_DOM_MEDIA_FATAL_ERR (0x806e0005) - RefPtr<MediaSourceTrackDemuxer::SamplesPromise> mozilla::MediaSourceTrackDemuxer::DoGetSamples(int32_t): manager is detached.: file /build/firefox-k3d8Rk/firefox-78.0.2+build2/dom/media/MediaDecoderStateMachine.cpp, line 3470
[Child 81994, MediaDecoderStateMachine #1] WARNING: Decoder=7f68a76b7c00 Decode error: NS_ERROR_DOM_MEDIA_FATAL_ERR (0x806e0005) - RefPtr<MediaSourceTrackDemuxer::SamplesPromise> mozilla::MediaSourceTrackDemuxer::DoGetSamples(int32_t): manager is detached.: file /build/firefox-k3d8Rk/firefox-78.0.2+build2/dom/media/MediaDecoderStateMachine.cpp, line 3470
JavaScript error: resource://gre/actors/AudioPlaybackParent.jsm, line 19: TypeError: browser is null
JavaScript error: , line 0: UnknownError: The operation failed for reasons unrelated to the database itself and not covered by any other error code.
1595111813440	Marionette	INFO	Stopped listening on port 44769
1595112006711	mozrunner::runner	INFO	Running command: "/usr/bin/firefox" "-marionette" "-foreground" "-no-remote" "-profile" "/tmp/rust_mozprofileACyMT3"
1595112014907	Marionette	INFO	Listening on port 40953
1595112014939	Marionette	WARN	TLS certificate errors will be ignored for this session
IPDL protocol error: Handler returned error code!

###!!! [Parent][DispatchAsyncMessage] Error: PLayerTransaction::Msg_ReleaseLayer Processing error: message was deserialized, but the handler returned false (indicating failure)

JavaScript error: , line 0: UnknownError: The operation failed for reasons unrelated to the database itself and not covered by any other error code.
1595112077841	Marionette	INFO	Stopped listening on port 40953
1595112081639	mozrunner::runner	INFO	Running command: "/usr/bin/firefox" "-marionette" "-foreground" "-no-remote" "-profile" "/tmp/rust_mozprofileOEUvJs"
1595112094678	Marionette	INFO	Listening on port 38857
1595112094723	Marionette	WARN	TLS certificate errors will be ignored for this session
[Child 83116, MediaDecoderStateMachine #1] WARNING: Decoder=7fbc421e6800 Decode error: NS_ERROR_DOM_MEDIA_FATAL_ERR (0x806e0005) - RefPtr<MediaSourceTrackDemuxer::SamplesPromise> mozilla::MediaSourceTrackDemuxer::DoGetSamples(int32_t): manager is detached.: file /build/firefox-k3d8Rk/firefox-78.0.2+build2/dom/media/MediaDecoderStateMachine.cpp, line 3470
[Child 83116, MediaDecoderStateMachine #1] WARNING: Decoder=7fbc421e6800 Decode error: NS_ERROR_DOM_MEDIA_FATAL_ERR (0x806e0005) - RefPtr<MediaSourceTrackDemuxer::SamplesPromise> mozilla::MediaSourceTrackDemuxer::DoGetSamples(int32_t): manager is detached.: file /build/firefox-k3d8Rk/firefox-78.0.2+build2/dom/media/MediaDecoderStateMachine.cpp, line 3470
[Child 83116, MediaDecoderStateMachine #1] WARNING: Decoder=7fbc421e6800 Decode error: NS_ERROR_DOM_MEDIA_FATAL_ERR (0x806e0005) - RefPtr<MediaSourceTrackDemuxer::SamplesPromise> mozilla::MediaSourceTrackDemuxer::DoGetSamples(int32_t): manager is detached.: file /build/firefox-k3d8Rk/firefox-78.0.2+build2/dom/media/MediaDecoderStateMachine.cpp, line 3470
[Child 83116, MediaDecoderStateMachine #1] WARNING: Decoder=7fbc421e6800 Decode error: NS_ERROR_DOM_MEDIA_FATAL_ERR (0x806e0005) - RefPtr<MediaSourceTrackDemuxer::SamplesPromise> mozilla::MediaSourceTrackDemuxer::DoGetSamples(int32_t): manager is detached.: file /build/firefox-k3d8Rk/firefox-78.0.2+build2/dom/media/MediaDecoderStateMachine.cpp, line 3470
[Child 83116, MediaDecoderStateMachine #1] WARNING: Decoder=7fbc421e6800 Decode error: NS_ERROR_DOM_MEDIA_FATAL_ERR (0x806e0005) - RefPtr<MediaSourceTrackDemuxer::SamplesPromise> mozilla::MediaSourceTrackDemuxer::DoGetSamples(int32_t): manager is detached.: file /build/firefox-k3d8Rk/firefox-78.0.2+build2/dom/media/MediaDecoderStateMachine.cpp, line 3470
[Child 83116, MediaDecoderStateMachine #1] WARNING: Decoder=7fbc3ecb8800 Decode error: NS_ERROR_DOM_MEDIA_FATAL_ERR (0x806e0005) - RefPtr<MediaSourceTrackDemuxer::SamplesPromise> mozilla::MediaSourceTrackDemuxer::DoGetSamples(int32_t): manager is detached.: file /build/firefox-k3d8Rk/firefox-78.0.2+build2/dom/media/MediaDecoderStateMachine.cpp, line 3470
[Child 83116, MediaDecoderStateMachine #1] WARNING: Decoder=7fbc3ecb8800 Decode error: NS_ERROR_DOM_MEDIA_FATAL_ERR (0x806e0005) - RefPtr<MediaSourceTrackDemuxer::SamplesPromise> mozilla::MediaSourceTrackDemuxer::DoGetSamples(int32_t): manager is detached.: file /build/firefox-k3d8Rk/firefox-78.0.2+build2/dom/media/MediaDecoderStateMachine.cpp, line 3470
[Child 83116, MediaDecoderStateMachine #1] WARNING: Decoder=7fbc3ecb8800 Decode error: NS_ERROR_DOM_MEDIA_FATAL_ERR (0x806e0005) - RefPtr<MediaSourceTrackDemuxer::SamplesPromise> mozilla::MediaSourceTrackDemuxer::DoGetSamples(int32_t): manager is detached.: file /build/firefox-k3d8Rk/firefox-78.0.2+build2/dom/media/MediaDecoderStateMachine.cpp, line 3470
[Child 83116, MediaDecoderStateMachine #1] WARNING: Decoder=7fbc3ecb8800 Decode error: NS_ERROR_DOM_MEDIA_FATAL_ERR (0x806e0005) - RefPtr<MediaSourceTrackDemuxer::SamplesPromise> mozilla::MediaSourceTrackDemuxer::DoGetSamples(int32_t): manager is detached.: file /build/firefox-k3d8Rk/firefox-78.0.2+build2/dom/media/MediaDecoderStateMachine.cpp, line 3470
[Child 83116, MediaDecoderStateMachine #1] WARNING: Decoder=7fbc3ecb8800 Decode error: NS_ERROR_DOM_MEDIA_FATAL_ERR (0x806e0005) - RefPtr<MediaSourceTrackDemuxer::SamplesPromise> mozilla::MediaSourceTrackDemuxer::DoGetSamples(int32_t): manager is detached.: file /build/firefox-k3d8Rk/firefox-78.0.2+build2/dom/media/MediaDecoderStateMachine.cpp, line 3470
[Child 83116, MediaDecoderStateMachine #1] WARNING: Decoder=7fbc3ecb8800 Decode error: NS_ERROR_DOM_MEDIA_FATAL_ERR (0x806e0005) - RefPtr<MediaSourceTrackDemuxer::SamplesPromise> mozilla::MediaSourceTrackDemuxer::DoGetSamples(int32_t): manager is detached.: file /build/firefox-k3d8Rk/firefox-78.0.2+build2/dom/media/MediaDecoderStateMachine.cpp, line 3470
[Child 83116, MediaDecoderStateMachine #1] WARNING: Decoder=7fbc3ecb8800 Decode error: NS_ERROR_DOM_MEDIA_FATAL_ERR (0x806e0005) - RefPtr<MediaSourceTrackDemuxer::SamplesPromise> mozilla::MediaSourceTrackDemuxer::DoGetSamples(int32_t): manager is detached.: file /build/firefox-k3d8Rk/firefox-78.0.2+build2/dom/media/MediaDecoderStateMachine.cpp, line 3470
[Child 83116, MediaDecoderStateMachine #1] WARNING: Decoder=7fbc3ecb8800 Decode error: NS_ERROR_DOM_MEDIA_FATAL_ERR (0x806e0005) - RefPtr<MediaSourceTrackDemuxer::SamplesPromise> mozilla::MediaSourceTrackDemuxer::DoGetSamples(int32_t): manager is detached.: file /build/firefox-k3d8Rk/firefox-78.0.2+build2/dom/media/MediaDecoderStateMachine.cpp, line 3470
[Child 83116, MediaDecoderStateMachine #1] WARNING: Decoder=7fbc3ecb8800 Decode error: NS_ERROR_DOM_MEDIA_FATAL_ERR (0x806e0005) - RefPtr<MediaSourceTrackDemuxer::SamplesPromise> mozilla::MediaSourceTrackDemuxer::DoGetSamples(int32_t): manager is detached.: file /build/firefox-k3d8Rk/firefox-78.0.2+build2/dom/media/MediaDecoderStateMachine.cpp, line 3470
[Child 83116, MediaDecoderStateMachine #1] WARNING: Decoder=7fbc3ecb8800 Decode error: NS_ERROR_DOM_MEDIA_FATAL_ERR (0x806e0005) - RefPtr<MediaSourceTrackDemuxer::SamplesPromise> mozilla::MediaSourceTrackDemuxer::DoGetSamples(int32_t): manager is detached.: file /build/firefox-k3d8Rk/firefox-78.0.2+build2/dom/media/MediaDecoderStateMachine.cpp, line 3470
[Child 83116, MediaDecoderStateMachine #1] WARNING: Decoder=7fbc3ecb8800 Decode error: NS_ERROR_DOM_MEDIA_FATAL_ERR (0x806e0005) - RefPtr<MediaSourceTrackDemuxer::SamplesPromise> mozilla::MediaSourceTrackDemuxer::DoGetSamples(int32_t): manager is detached.: file /build/firefox-k3d8Rk/firefox-78.0.2+build2/dom/media/MediaDecoderStateMachine.cpp, line 3470
[Child 83116, MediaDecoderStateMachine #1] WARNING: Decoder=7fbc3ecb8800 Decode error: NS_ERROR_DOM_MEDIA_FATAL_ERR (0x806e0005) - RefPtr<MediaSourceTrackDemuxer::SamplesPromise> mozilla::MediaSourceTrackDemuxer::DoGetSamples(int32_t): manager is detached.: file /build/firefox-k3d8Rk/firefox-78.0.2+build2/dom/media/MediaDecoderStateMachine.cpp, line 3470
[Child 83116, MediaDecoderStateMachine #1] WARNING: Decoder=7fbc3a448400 Decode error: NS_ERROR_DOM_MEDIA_FATAL_ERR (0x806e0005) - RefPtr<MediaSourceTrackDemuxer::SamplesPromise> mozilla::MediaSourceTrackDemuxer::DoGetSamples(int32_t): manager is detached.: file /build/firefox-k3d8Rk/firefox-78.0.2+build2/dom/media/MediaDecoderStateMachine.cpp, line 3470
[Child 83116, MediaDecoderStateMachine #1] WARNING: Decoder=7fbc3a448400 Decode error: NS_ERROR_DOM_MEDIA_FATAL_ERR (0x806e0005) - RefPtr<MediaSourceTrackDemuxer::SamplesPromise> mozilla::MediaSourceTrackDemuxer::DoGetSamples(int32_t): manager is detached.: file /build/firefox-k3d8Rk/firefox-78.0.2+build2/dom/media/MediaDecoderStateMachine.cpp, line 3470
[Child 83116, MediaDecoderStateMachine #1] WARNING: Decoder=7fbc3a448400 Decode error: NS_ERROR_DOM_MEDIA_FATAL_ERR (0x806e0005) - RefPtr<MediaSourceTrackDemuxer::SamplesPromise> mozilla::MediaSourceTrackDemuxer::DoGetSamples(int32_t): manager is detached.: file /build/firefox-k3d8Rk/firefox-78.0.2+build2/dom/media/MediaDecoderStateMachine.cpp, line 3470
[Child 83116, MediaDecoderStateMachine #1] WARNING: Decoder=7fbc3a448400 Decode error: NS_ERROR_DOM_MEDIA_FATAL_ERR (0x806e0005) - RefPtr<MediaSourceTrackDemuxer::SamplesPromise> mozilla::MediaSourceTrackDemuxer::DoGetSamples(int32_t): manager is detached.: file /build/firefox-k3d8Rk/firefox-78.0.2+build2/dom/media/MediaDecoderStateMachine.cpp, line 3470
[Child 83116, MediaDecoderStateMachine #1] WARNING: Decoder=7fbc3a448400 Decode error: NS_ERROR_DOM_MEDIA_FATAL_ERR (0x806e0005) - RefPtr<MediaSourceTrackDemuxer::SamplesPromise> mozilla::MediaSourceTrackDemuxer::DoGetSamples(int32_t): manager is detached.: file /build/firefox-k3d8Rk/firefox-78.0.2+build2/dom/media/MediaDecoderStateMachine.cpp, line 3470
[Child 83116, MediaDecoderStateMachine #1] WARNING: Decoder=7fbc3a448400 Decode error: NS_ERROR_DOM_MEDIA_FATAL_ERR (0x806e0005) - RefPtr<MediaSourceTrackDemuxer::SamplesPromise> mozilla::MediaSourceTrackDemuxer::DoGetSamples(int32_t): manager is detached.: file /build/firefox-k3d8Rk/firefox-78.0.2+build2/dom/media/MediaDecoderStateMachine.cpp, line 3470
[Child 83116, MediaDecoderStateMachine #1] WARNING: Decoder=7fbc3a448400 Decode error: NS_ERROR_DOM_MEDIA_FATAL_ERR (0x806e0005) - RefPtr<MediaSourceTrackDemuxer::SamplesPromise> mozilla::MediaSourceTrackDemuxer::DoGetSamples(int32_t): manager is detached.: file /build/firefox-k3d8Rk/firefox-78.0.2+build2/dom/media/MediaDecoderStateMachine.cpp, line 3470
[Child 83116, MediaDecoderStateMachine #1] WARNING: Decoder=7fbc3a448400 Decode error: NS_ERROR_DOM_MEDIA_FATAL_ERR (0x806e0005) - RefPtr<MediaSourceTrackDemuxer::SamplesPromise> mozilla::MediaSourceTrackDemuxer::DoGetSamples(int32_t): manager is detached.: file /build/firefox-k3d8Rk/firefox-78.0.2+build2/dom/media/MediaDecoderStateMachine.cpp, line 3470
[Child 83116, MediaDecoderStateMachine #1] WARNING: Decoder=7fbc3a448400 Decode error: NS_ERROR_DOM_MEDIA_FATAL_ERR (0x806e0005) - RefPtr<MediaSourceTrackDemuxer::SamplesPromise> mozilla::MediaSourceTrackDemuxer::DoGetSamples(int32_t): manager is detached.: file /build/firefox-k3d8Rk/firefox-78.0.2+build2/dom/media/MediaDecoderStateMachine.cpp, line 3470
[Child 83116, MediaDecoderStateMachine #1] WARNING: Decoder=7fbc3a448400 Decode error: NS_ERROR_DOM_MEDIA_FATAL_ERR (0x806e0005) - RefPtr<MediaSourceTrackDemuxer::SamplesPromise> mozilla::MediaSourceTrackDemuxer::DoGetSamples(int32_t): manager is detached.: file /build/firefox-k3d8Rk/firefox-78.0.2+build2/dom/media/MediaDecoderStateMachine.cpp, line 3470
1595112155801	mozrunner::runner	INFO	Running command: "/usr/bin/firefox" "-marionette" "-foreground" "-no-remote" "-profile" "/tmp/rust_mozprofilecrL7xB"
1595112170052	Marionette	INFO	Listening on port 37287
1595112170182	Marionette	WARN	TLS certificate errors will be ignored for this session
JavaScript error: resource://gre/modules/URIFixup.jsm, line 281: NS_ERROR_FAILURE: Should pass a non-null uri
1595112181041	Marionette	WARN	TimedPromise timed out after 500 ms: stacktrace:
TimedPromise/<@chrome://marionette/content/sync.js:245:13
TimedPromise@chrome://marionette/content/sync.js:230:10
interaction.flushEventLoop@chrome://marionette/content/interaction.js:416:10
webdriverClickElement@chrome://marionette/content/interaction.js:182:31
console.error: "Store does not have a valid reducer. Make sure the argument passed to combineReducers is an object whose values are reducers."
[Child 83529, MediaDecoderStateMachine #1] WARNING: Decoder=7fdb8207dc00 Decode error: NS_ERROR_DOM_MEDIA_FATAL_ERR (0x806e0005) - RefPtr<MediaSourceTrackDemuxer::SamplesPromise> mozilla::MediaSourceTrackDemuxer::DoGetSamples(int32_t): manager is detached.: file /build/firefox-k3d8Rk/firefox-78.0.2+build2/dom/media/MediaDecoderStateMachine.cpp, line 3470
console.warn: "Inspector destroyed while executing onReflow callback"
JavaScript error: resource://gre/actors/AudioPlaybackParent.jsm, line 19: TypeError: browser is null
JavaScript error: , line 0: UnknownError: The operation failed for reasons unrelated to the database itself and not covered by any other error code.
1595112818240	Marionette	INFO	Stopped listening on port 37287
1595113009022	mozrunner::runner	INFO	Running command: "/usr/bin/firefox" "-marionette" "-foreground" "-no-remote" "-profile" "/tmp/rust_mozprofilefcuPKO"
1595113023017	Marionette	INFO	Listening on port 38795
1595113023290	Marionette	WARN	TLS certificate errors will be ignored for this session
JavaScript error: resource://gre/modules/URIFixup.jsm, line 281: NS_ERROR_FAILURE: Should pass a non-null uri

###!!! [Child][RunMessage] Error: Channel closing: too late to send/recv, messages will be lost


###!!! [Child][RunMessage] Error: Channel closing: too late to send/recv, messages will be lost


###!!! [Child][RunMessage] Error: Channel closing: too late to send/recv, messages will be lost


###!!! [Child][RunMessage] Error: Channel closing: too late to send/recv, messages will be lost


###!!! [Child][RunMessage] Error: Channel closing: too late to send/recv, messages will be lost


###!!! [Child][RunMessage] Error: Channel closing: too late to send/recv, messages will be lost


###!!! [Child][RunMessage] Error: Channel closing: too late to send/recv, messages will be lost

console.error: (new Error("SessionFile is closed", "resource:///modules/sessionstore/SessionFile.jsm", 433))
1595113060991	Marionette	INFO	Stopped listening on port 38795
